Build started 17/03/2016 21:05:34.
     1>Project "C:\Users\Miriam\Documents\Visual Studio 2013\Projects\BloquesMayaGPU_Global\BloquesMayaGPU_Global\BloquesMayaGPU_Global.vcxproj" on node 2 (Build target(s)).
     1>AddCudaCompileDeps:
         C:\Program Files (x86)\Microsoft Visual Studio 12.0\VC\bin\cl.exe /E /nologo /showIncludes /TP /D__CUDACC__ /DWIN32 /D_DEBUG /D_CONSOLE /D_MBCS /I"C:\Program Files\NVIDIA GPU Computing Toolkit\CUDA\v7.5\include" /I"C:\Program Files\NVIDIA GPU Computing Toolkit\CUDA\v7.5\bin" /I"C:\Program Files\NVIDIA GPU Computing Toolkit\CUDA\v7.5\include" /I. /FIcuda_runtime.h /c "C:\Users\Miriam\Documents\Visual Studio 2013\Projects\BloquesMayaGPU_Global\BloquesMayaGPU_Global\kernel.cu" 
       CudaBuild:
         Compiling CUDA source file kernel.cu...
         cmd.exe /C "C:\Users\Miriam\AppData\Local\Temp\tmpbc989cfa35964eff84f74c4d1b2143ca.cmd"
         "C:\Program Files\NVIDIA GPU Computing Toolkit\CUDA\v7.5\bin\nvcc.exe" -gencode=arch=compute_20,code=\"sm_20,compute_20\" --use-local-env --cl-version 2013 -ccbin "C:\Program Files (x86)\Microsoft Visual Studio 12.0\VC\bin"  -I"C:\Program Files\NVIDIA GPU Computing Toolkit\CUDA\v7.5\include" -I"C:\Program Files\NVIDIA GPU Computing Toolkit\CUDA\v7.5\include"  -G   --keep-dir Debug -maxrregcount=0  --machine 32 --compile -cudart static  -g   -DWIN32 -D_DEBUG -D_CONSOLE -D_MBCS -Xcompiler "/EHsc /W3 /nologo /Od /Zi /RTC1 /MDd " -o Debug\kernel.cu.obj "C:\Users\Miriam\Documents\Visual Studio 2013\Projects\BloquesMayaGPU_Global\BloquesMayaGPU_Global\kernel.cu"
         
         C:\Users\Miriam\Documents\Visual Studio 2013\Projects\BloquesMayaGPU_Global\BloquesMayaGPU_Global>"C:\Program Files\NVIDIA GPU Computing Toolkit\CUDA\v7.5\bin\nvcc.exe" -gencode=arch=compute_20,code=\"sm_20,compute_20\" --use-local-env --cl-version 2013 -ccbin "C:\Program Files (x86)\Microsoft Visual Studio 12.0\VC\bin"  -I"C:\Program Files\NVIDIA GPU Computing Toolkit\CUDA\v7.5\include" -I"C:\Program Files\NVIDIA GPU Computing Toolkit\CUDA\v7.5\include"  -G   --keep-dir Debug -maxrregcount=0  --machine 32 --compile -cudart static  -g   -DWIN32 -D_DEBUG -D_CONSOLE -D_MBCS -Xcompiler "/EHsc /W3 /nologo /Od /Zi /RTC1 /MDd " -o Debug\kernel.cu.obj "C:\Users\Miriam\Documents\Visual Studio 2013\Projects\BloquesMayaGPU_Global\BloquesMayaGPU_Global\kernel.cu" 
     1>C:/Users/Miriam/Documents/Visual Studio 2013/Projects/BloquesMayaGPU_Global/BloquesMayaGPU_Global/kernel.cu(22): warning : variable "aux" was declared but never referenced
     1>C:/Users/Miriam/Documents/Visual Studio 2013/Projects/BloquesMayaGPU_Global/BloquesMayaGPU_Global/kernel.cu(37): warning : variable "aux" was declared but never referenced
     1>C:/Users/Miriam/Documents/Visual Studio 2013/Projects/BloquesMayaGPU_Global/BloquesMayaGPU_Global/kernel.cu(698): warning : statement is unreachable
     1>C:/Users/Miriam/Documents/Visual Studio 2013/Projects/BloquesMayaGPU_Global/BloquesMayaGPU_Global/kernel.cu(614): warning : variable "opcion" was declared but never referenced
     1>C:/Users/Miriam/Documents/Visual Studio 2013/Projects/BloquesMayaGPU_Global/BloquesMayaGPU_Global/kernel.cu(615): warning : variable "matrizC" was declared but never referenced
     1>C:/Users/Miriam/Documents/Visual Studio 2013/Projects/BloquesMayaGPU_Global/BloquesMayaGPU_Global/kernel.cu(22): warning : variable "aux" was declared but never referenced
     1>C:/Users/Miriam/Documents/Visual Studio 2013/Projects/BloquesMayaGPU_Global/BloquesMayaGPU_Global/kernel.cu(37): warning : variable "aux" was declared but never referenced
     1>C:/Users/Miriam/Documents/Visual Studio 2013/Projects/BloquesMayaGPU_Global/BloquesMayaGPU_Global/kernel.cu(698): warning : statement is unreachable
     1>C:/Users/Miriam/Documents/Visual Studio 2013/Projects/BloquesMayaGPU_Global/BloquesMayaGPU_Global/kernel.cu(614): warning : variable "opcion" was declared but never referenced
     1>C:/Users/Miriam/Documents/Visual Studio 2013/Projects/BloquesMayaGPU_Global/BloquesMayaGPU_Global/kernel.cu(615): warning : variable "matrizC" was declared but never referenced
         kernel.cu
     1>C:/Users/Miriam/Documents/Visual Studio 2013/Projects/BloquesMayaGPU_Global/BloquesMayaGPU_Global/kernel.cu(615): warning C4101: 'matrizC' : unreferenced local variable
       Link:
         C:\Program Files (x86)\Microsoft Visual Studio 12.0\VC\bin\link.exe /ERRORREPORT:PROMPT /OUT:"C:\Users\Miriam\Documents\Visual Studio 2013\Projects\BloquesMayaGPU_Global\Debug\BloquesMayaGPU_Global.exe" /INCREMENTAL /NOLOGO /LIBPATH:"C:\Program Files\NVIDIA GPU Computing Toolkit\CUDA\v7.5\lib\Win32" cudart.lib kernel32.lib user32.lib gdi32.lib winspool.lib comdlg32.lib advapi32.lib shell32.lib ole32.lib oleaut32.lib uuid.lib odbc32.lib odbccp32.lib kernel32.lib user32.lib gdi32.lib winspool.lib comdlg32.lib advapi32.lib shell32.lib ole32.lib oleaut32.lib uuid.lib odbc32.lib odbccp32.lib /MANIFEST /MANIFESTUAC:"level='asInvoker' uiAccess='false'" /manifest:embed /DEBUG /PDB:"C:\Users\Miriam\Documents\Visual Studio 2013\Projects\BloquesMayaGPU_Global\Debug\BloquesMayaGPU_Global.pdb" /SUBSYSTEM:CONSOLE /TLBID:1 /DYNAMICBASE /NXCOMPAT /IMPLIB:"C:\Users\Miriam\Documents\Visual Studio 2013\Projects\BloquesMayaGPU_Global\Debug\BloquesMayaGPU_Global.lib" /MACHINE:X86 Debug\kernel.cu.obj
         BloquesMayaGPU_Global.vcxproj -> C:\Users\Miriam\Documents\Visual Studio 2013\Projects\BloquesMayaGPU_Global\Debug\BloquesMayaGPU_Global.exe
       PostBuildEvent:
         echo copy "C:\Program Files\NVIDIA GPU Computing Toolkit\CUDA\v7.5\bin\cudart*.dll" "C:\Users\Miriam\Documents\Visual Studio 2013\Projects\BloquesMayaGPU_Global\Debug\"
         copy "C:\Program Files\NVIDIA GPU Computing Toolkit\CUDA\v7.5\bin\cudart*.dll" "C:\Users\Miriam\Documents\Visual Studio 2013\Projects\BloquesMayaGPU_Global\Debug\"
         :VCEnd
         copy "C:\Program Files\NVIDIA GPU Computing Toolkit\CUDA\v7.5\bin\cudart*.dll" "C:\Users\Miriam\Documents\Visual Studio 2013\Projects\BloquesMayaGPU_Global\Debug\"
         C:\Program Files\NVIDIA GPU Computing Toolkit\CUDA\v7.5\bin\cudart32_75.dll
         C:\Program Files\NVIDIA GPU Computing Toolkit\CUDA\v7.5\bin\cudart64_75.dll
                 2 archivo(s) copiado(s).
     1>Done Building Project "C:\Users\Miriam\Documents\Visual Studio 2013\Projects\BloquesMayaGPU_Global\BloquesMayaGPU_Global\BloquesMayaGPU_Global.vcxproj" (Build target(s)).

Build succeeded.

Time Elapsed 00:00:12.12
